nohup: ignoring input

> blog-app@0.1.0 dev:next
> next dev -p 3001

  ▲ Next.js 14.2.35
  - Local:        http://localhost:3001

 ✓ Starting...
 ✓ Ready in 1215ms
 ✓ Compiled /_error in 230ms (295 modules)
 GET /_next/static/webpack/f3a1e2e9c9f92037.webpack.hot-update.json 404 in 292ms
 GET /blog/tech/nextjs-tutorial 404 in 86ms
 ⚠ Fast Refresh had to perform a full reload. Read more: https://nextjs.org/docs/messages/fast-refresh-reload
 GET /blog/tech/nextjs-tutorial 404 in 5ms
 ✓ Compiled /blog/[slug] in 178ms (332 modules)
 GET /blog/tech/nextjs-tutorial 404 in 97ms
Warning: A title element received an array with more than 1 element as children. In browsers title Elements can only have Text Nodes as children. If the children being rendered output more than a single text node in aggregate the browser will display markup and comments as text in the title and hydration will likely fail and fall back to client rendering
    at title
    at head
    at Head (webpack-internal:///./node_modules/next/dist/pages/_document.js:308:1)
    at html
    at Html (webpack-internal:///./node_modules/next/dist/pages/_document.js:782:132)
    at Document (webpack-internal:///./node_modules/next/dist/pages/_document.js:798:1)
 HEAD /blog/hello-world 200 in 386ms
Warning: A title element received an array with more than 1 element as children. In browsers title Elements can only have Text Nodes as children. If the children being rendered output more than a single text node in aggregate the browser will display markup and comments as text in the title and hydration will likely fail and fall back to client rendering
    at title
    at head
    at Head (webpack-internal:///./node_modules/next/dist/pages/_document.js:308:1)
    at html
    at Html (webpack-internal:///./node_modules/next/dist/pages/_document.js:782:132)
    at Document (webpack-internal:///./node_modules/next/dist/pages/_document.js:798:1)
 HEAD /blog/nextjs-tutorial 200 in 11ms
Warning: A title element received an array with more than 1 element as children. In browsers title Elements can only have Text Nodes as children. If the children being rendered output more than a single text node in aggregate the browser will display markup and comments as text in the title and hydration will likely fail and fall back to client rendering
    at title
    at head
    at Head (webpack-internal:///./node_modules/next/dist/pages/_document.js:308:1)
    at html
    at Html (webpack-internal:///./node_modules/next/dist/pages/_document.js:782:132)
    at Document (webpack-internal:///./node_modules/next/dist/pages/_document.js:798:1)
 HEAD /blog/anything-here 200 in 8ms
Warning: A title element received an array with more than 1 element as children. In browsers title Elements can only have Text Nodes as children. If the children being rendered output more than a single text node in aggregate the browser will display markup and comments as text in the title and hydration will likely fail and fall back to client rendering
    at title
    at head
    at Head (webpack-internal:///./node_modules/next/dist/pages/_document.js:308:1)
    at html
    at Html (webpack-internal:///./node_modules/next/dist/pages/_document.js:782:132)
    at Document (webpack-internal:///./node_modules/next/dist/pages/_document.js:798:1)
 GET /blog/nextjs-tutorial 200 in 12ms
Warning: A title element received an array with more than 1 element as children. In browsers title Elements can only have Text Nodes as children. If the children being rendered output more than a single text node in aggregate the browser will display markup and comments as text in the title and hydration will likely fail and fall back to client rendering
    at title
    at head
    at Head (webpack-internal:///./node_modules/next/dist/pages/_document.js:308:1)
    at html
    at Html (webpack-internal:///./node_modules/next/dist/pages/_document.js:782:132)
    at Document (webpack-internal:///./node_modules/next/dist/pages/_document.js:798:1)
 GET /blog/nextjs-tutorial 200 in 10ms
Warning: A title element received an array with more than 1 element as children. In browsers title Elements can only have Text Nodes as children. If the children being rendered output more than a single text node in aggregate the browser will display markup and comments as text in the title and hydration will likely fail and fall back to client rendering
    at title
    at head
    at Head (webpack-internal:///./node_modules/next/dist/pages/_document.js:308:1)
    at html
    at Html (webpack-internal:///./node_modules/next/dist/pages/_document.js:782:132)
    at Document (webpack-internal:///./node_modules/next/dist/pages/_document.js:798:1)
 GET /blog/anything-here 200 in 10ms
 ⚠ Failed to reload dynamic routes: Error: You cannot use different slug names for the same dynamic path ('slug' !== 'category').
    at handleSlug (D:\blog-app\node_modules\next\dist\shared\lib\router\utils\sorted-routes.js:94:31)
    at UrlNode._insert (D:\blog-app\node_modules\next\dist\shared\lib\router\utils\sorted-routes.js:131:17)
    at UrlNode._insert (D:\blog-app\node_modules\next\dist\shared\lib\router\utils\sorted-routes.js:142:40)
    at UrlNode.insert (D:\blog-app\node_modules\next\dist\shared\lib\router\utils\sorted-routes.js:13:14)
    at D:\blog-app\node_modules\next\dist\shared\lib\router\utils\sorted-routes.js:165:46
    at Array.forEach (<anonymous>)
    at getSortedRoutes (D:\blog-app\node_modules\next\dist\shared\lib\router\utils\sorted-routes.js:165:21)
    at Watchpack.<anonymous> (D:\blog-app\node_modules\next\dist\server\lib\router-utils\setup-dev-bundler.js:558:65)
Error: You cannot use different slug names for the same dynamic path ('slug' !== 'category').
    at handleSlug (D:\blog-app\node_modules\next\dist\shared\lib\router\utils\sorted-routes.js:94:31)
    at UrlNode._insert (D:\blog-app\node_modules\next\dist\shared\lib\router\utils\sorted-routes.js:131:17)
    at UrlNode._insert (D:\blog-app\node_modules\next\dist\shared\lib\router\utils\sorted-routes.js:142:40)
    at UrlNode.insert (D:\blog-app\node_modules\next\dist\shared\lib\router\utils\sorted-routes.js:13:14)
    at D:\blog-app\node_modules\next\dist\shared\lib\router\utils\sorted-routes.js:165:46
    at Array.forEach (<anonymous>)
    at getSortedRoutes (D:\blog-app\node_modules\next\dist\shared\lib\router\utils\sorted-routes.js:165:21)
    at DevRouteMatcherManager.reload (D:\blog-app\node_modules\next\dist\server\future\route-matcher-managers\default-route-matcher-manager.js:112:55)
    at async DevRouteMatcherManager.reload (D:\blog-app\node_modules\next\dist\server\future\route-matcher-managers\dev-route-matcher-manager.js:112:9)
    at async Object.propagateServerField (D:\blog-app\node_modules\next\dist\server\lib\render-server.js:75:13)
    at async propagateServerField (D:\blog-app\node_modules\next\dist\server\lib\router-utils\setup-dev-bundler.js:134:5)
    at async Watchpack.<anonymous> (D:\blog-app\node_modules\next\dist\server\lib\router-utils\setup-dev-bundler.js:627:17)
 ⨯ unhandledRejection: Error: You cannot use different slug names for the same dynamic path ('slug' !== 'category').
    at handleSlug (D:\blog-app\node_modules\next\dist\shared\lib\router\utils\sorted-routes.js:94:31)
    at UrlNode._insert (D:\blog-app\node_modules\next\dist\shared\lib\router\utils\sorted-routes.js:131:17)
    at UrlNode._insert (D:\blog-app\node_modules\next\dist\shared\lib\router\utils\sorted-routes.js:142:40)
    at UrlNode.insert (D:\blog-app\node_modules\next\dist\shared\lib\router\utils\sorted-routes.js:13:14)
    at D:\blog-app\node_modules\next\dist\shared\lib\router\utils\sorted-routes.js:165:46
    at Array.forEach (<anonymous>)
    at getSortedRoutes (D:\blog-app\node_modules\next\dist\shared\lib\router\utils\sorted-routes.js:165:21)
    at DevRouteMatcherManager.reload (D:\blog-app\node_modules\next\dist\server\future\route-matcher-managers\default-route-matcher-manager.js:112:55)
    at async DevRouteMatcherManager.reload (D:\blog-app\node_modules\next\dist\server\future\route-matcher-managers\dev-route-matcher-manager.js:112:9)
    at async Object.propagateServerField (D:\blog-app\node_modules\next\dist\server\lib\render-server.js:75:13)
    at async propagateServerField (D:\blog-app\node_modules\next\dist\server\lib\router-utils\setup-dev-bundler.js:134:5)
    at async Watchpack.<anonymous> (D:\blog-app\node_modules\next\dist\server\lib\router-utils\setup-dev-bundler.js:627:17)
 ⨯ unhandledRejection: Error: You cannot use different slug names for the same dynamic path ('slug' !== 'category').
    at handleSlug (D:\blog-app\node_modules\next\dist\shared\lib\router\utils\sorted-routes.js:94:31)
    at UrlNode._insert (D:\blog-app\node_modules\next\dist\shared\lib\router\utils\sorted-routes.js:131:17)
    at UrlNode._insert (D:\blog-app\node_modules\next\dist\shared\lib\router\utils\sorted-routes.js:142:40)
    at UrlNode.insert (D:\blog-app\node_modules\next\dist\shared\lib\router\utils\sorted-routes.js:13:14)
    at D:\blog-app\node_modules\next\dist\shared\lib\router\utils\sorted-routes.js:165:46
    at Array.forEach (<anonymous>)
    at getSortedRoutes (D:\blog-app\node_modules\next\dist\shared\lib\router\utils\sorted-routes.js:165:21)
    at DevRouteMatcherManager.reload (D:\blog-app\node_modules\next\dist\server\future\route-matcher-managers\default-route-matcher-manager.js:112:55)
    at async DevRouteMatcherManager.reload (D:\blog-app\node_modules\next\dist\server\future\route-matcher-managers\dev-route-matcher-manager.js:112:9)
    at async Object.propagateServerField (D:\blog-app\node_modules\next\dist\server\lib\render-server.js:75:13)
    at async propagateServerField (D:\blog-app\node_modules\next\dist\server\lib\router-utils\setup-dev-bundler.js:134:5)
    at async Watchpack.<anonymous> (D:\blog-app\node_modules\next\dist\server\lib\router-utils\setup-dev-bundler.js:627:17)
 ⚠ Failed to reload dynamic routes: Error: You cannot use different slug names for the same dynamic path ('slug' !== 'category').
    at handleSlug (D:\blog-app\node_modules\next\dist\shared\lib\router\utils\sorted-routes.js:94:31)
    at UrlNode._insert (D:\blog-app\node_modules\next\dist\shared\lib\router\utils\sorted-routes.js:131:17)
    at UrlNode._insert (D:\blog-app\node_modules\next\dist\shared\lib\router\utils\sorted-routes.js:142:40)
    at UrlNode.insert (D:\blog-app\node_modules\next\dist\shared\lib\router\utils\sorted-routes.js:13:14)
    at D:\blog-app\node_modules\next\dist\shared\lib\router\utils\sorted-routes.js:165:46
    at Array.forEach (<anonymous>)
    at getSortedRoutes (D:\blog-app\node_modules\next\dist\shared\lib\router\utils\sorted-routes.js:165:21)
    at Watchpack.<anonymous> (D:\blog-app\node_modules\next\dist\server\lib\router-utils\setup-dev-bundler.js:558:65)
 ⚠ Failed to reload dynamic routes: Error: You cannot use different slug names for the same dynamic path ('slug' !== 'category').
    at handleSlug (D:\blog-app\node_modules\next\dist\shared\lib\router\utils\sorted-routes.js:94:31)
    at UrlNode._insert (D:\blog-app\node_modules\next\dist\shared\lib\router\utils\sorted-routes.js:131:17)
    at UrlNode._insert (D:\blog-app\node_modules\next\dist\shared\lib\router\utils\sorted-routes.js:142:40)
    at UrlNode.insert (D:\blog-app\node_modules\next\dist\shared\lib\router\utils\sorted-routes.js:13:14)
    at D:\blog-app\node_modules\next\dist\shared\lib\router\utils\sorted-routes.js:165:46
    at Array.forEach (<anonymous>)
    at getSortedRoutes (D:\blog-app\node_modules\next\dist\shared\lib\router\utils\sorted-routes.js:165:21)
    at Watchpack.<anonymous> (D:\blog-app\node_modules\next\dist\server\lib\router-utils\setup-dev-bundler.js:558:65)
 ⚠ Failed to reload dynamic routes: Error: You cannot use different slug names for the same dynamic path ('slug' !== 'category').
    at handleSlug (D:\blog-app\node_modules\next\dist\shared\lib\router\utils\sorted-routes.js:94:31)
    at UrlNode._insert (D:\blog-app\node_modules\next\dist\shared\lib\router\utils\sorted-routes.js:131:17)
    at UrlNode._insert (D:\blog-app\node_modules\next\dist\shared\lib\router\utils\sorted-routes.js:142:40)
    at UrlNode.insert (D:\blog-app\node_modules\next\dist\shared\lib\router\utils\sorted-routes.js:13:14)
    at D:\blog-app\node_modules\next\dist\shared\lib\router\utils\sorted-routes.js:165:46
    at Array.forEach (<anonymous>)
    at getSortedRoutes (D:\blog-app\node_modules\next\dist\shared\lib\router\utils\sorted-routes.js:165:21)
    at Watchpack.<anonymous> (D:\blog-app\node_modules\next\dist\server\lib\router-utils\setup-dev-bundler.js:558:65)
 ⚠ Failed to reload dynamic routes: Error: You cannot use different slug names for the same dynamic path ('slug' !== 'category').
    at handleSlug (D:\blog-app\node_modules\next\dist\shared\lib\router\utils\sorted-routes.js:94:31)
    at UrlNode._insert (D:\blog-app\node_modules\next\dist\shared\lib\router\utils\sorted-routes.js:131:17)
    at UrlNode._insert (D:\blog-app\node_modules\next\dist\shared\lib\router\utils\sorted-routes.js:142:40)
    at UrlNode.insert (D:\blog-app\node_modules\next\dist\shared\lib\router\utils\sorted-routes.js:13:14)
    at D:\blog-app\node_modules\next\dist\shared\lib\router\utils\sorted-routes.js:165:46
    at Array.forEach (<anonymous>)
    at getSortedRoutes (D:\blog-app\node_modules\next\dist\shared\lib\router\utils\sorted-routes.js:165:21)
    at Watchpack.<anonymous> (D:\blog-app\node_modules\next\dist\server\lib\router-utils\setup-dev-bundler.js:558:65)
 ⚠ Failed to reload dynamic routes: Error: You cannot use different slug names for the same dynamic path ('slug' !== 'category').
    at handleSlug (D:\blog-app\node_modules\next\dist\shared\lib\router\utils\sorted-routes.js:94:31)
    at UrlNode._insert (D:\blog-app\node_modules\next\dist\shared\lib\router\utils\sorted-routes.js:131:17)
    at UrlNode._insert (D:\blog-app\node_modules\next\dist\shared\lib\router\utils\sorted-routes.js:142:40)
    at UrlNode.insert (D:\blog-app\node_modules\next\dist\shared\lib\router\utils\sorted-routes.js:13:14)
    at D:\blog-app\node_modules\next\dist\shared\lib\router\utils\sorted-routes.js:165:46
    at Array.forEach (<anonymous>)
    at getSortedRoutes (D:\blog-app\node_modules\next\dist\shared\lib\router\utils\sorted-routes.js:165:21)
    at Watchpack.<anonymous> (D:\blog-app\node_modules\next\dist\server\lib\router-utils\setup-dev-bundler.js:558:65)
Error: You cannot use different slug names for the same dynamic path ('slug' !== 'category').
    at handleSlug (D:\blog-app\node_modules\next\dist\shared\lib\router\utils\sorted-routes.js:94:31)
    at UrlNode._insert (D:\blog-app\node_modules\next\dist\shared\lib\router\utils\sorted-routes.js:131:17)
    at UrlNode._insert (D:\blog-app\node_modules\next\dist\shared\lib\router\utils\sorted-routes.js:142:40)
    at UrlNode.insert (D:\blog-app\node_modules\next\dist\shared\lib\router\utils\sorted-routes.js:13:14)
    at D:\blog-app\node_modules\next\dist\shared\lib\router\utils\sorted-routes.js:165:46
    at Array.forEach (<anonymous>)
    at getSortedRoutes (D:\blog-app\node_modules\next\dist\shared\lib\router\utils\sorted-routes.js:165:21)
    at DevRouteMatcherManager.reload (D:\blog-app\node_modules\next\dist\server\future\route-matcher-managers\default-route-matcher-manager.js:112:55)
    at async DevRouteMatcherManager.reload (D:\blog-app\node_modules\next\dist\server\future\route-matcher-managers\dev-route-matcher-manager.js:112:9)
    at async Object.propagateServerField (D:\blog-app\node_modules\next\dist\server\lib\render-server.js:75:13)
    at async propagateServerField (D:\blog-app\node_modules\next\dist\server\lib\router-utils\setup-dev-bundler.js:134:5)
    at async Watchpack.<anonymous> (D:\blog-app\node_modules\next\dist\server\lib\router-utils\setup-dev-bundler.js:627:17)
 ⨯ unhandledRejection: Error: You cannot use different slug names for the same dynamic path ('slug' !== 'category').
    at handleSlug (D:\blog-app\node_modules\next\dist\shared\lib\router\utils\sorted-routes.js:94:31)
    at UrlNode._insert (D:\blog-app\node_modules\next\dist\shared\lib\router\utils\sorted-routes.js:131:17)
    at UrlNode._insert (D:\blog-app\node_modules\next\dist\shared\lib\router\utils\sorted-routes.js:142:40)
    at UrlNode.insert (D:\blog-app\node_modules\next\dist\shared\lib\router\utils\sorted-routes.js:13:14)
    at D:\blog-app\node_modules\next\dist\shared\lib\router\utils\sorted-routes.js:165:46
    at Array.forEach (<anonymous>)
    at getSortedRoutes (D:\blog-app\node_modules\next\dist\shared\lib\router\utils\sorted-routes.js:165:21)
    at DevRouteMatcherManager.reload (D:\blog-app\node_modules\next\dist\server\future\route-matcher-managers\default-route-matcher-manager.js:112:55)
    at async DevRouteMatcherManager.reload (D:\blog-app\node_modules\next\dist\server\future\route-matcher-managers\dev-route-matcher-manager.js:112:9)
    at async Object.propagateServerField (D:\blog-app\node_modules\next\dist\server\lib\render-server.js:75:13)
    at async propagateServerField (D:\blog-app\node_modules\next\dist\server\lib\router-utils\setup-dev-bundler.js:134:5)
    at async Watchpack.<anonymous> (D:\blog-app\node_modules\next\dist\server\lib\router-utils\setup-dev-bundler.js:627:17)
 ⨯ unhandledRejection: Error: You cannot use different slug names for the same dynamic path ('slug' !== 'category').
    at handleSlug (D:\blog-app\node_modules\next\dist\shared\lib\router\utils\sorted-routes.js:94:31)
    at UrlNode._insert (D:\blog-app\node_modules\next\dist\shared\lib\router\utils\sorted-routes.js:131:17)
    at UrlNode._insert (D:\blog-app\node_modules\next\dist\shared\lib\router\utils\sorted-routes.js:142:40)
    at UrlNode.insert (D:\blog-app\node_modules\next\dist\shared\lib\router\utils\sorted-routes.js:13:14)
    at D:\blog-app\node_modules\next\dist\shared\lib\router\utils\sorted-routes.js:165:46
    at Array.forEach (<anonymous>)
    at getSortedRoutes (D:\blog-app\node_modules\next\dist\shared\lib\router\utils\sorted-routes.js:165:21)
    at DevRouteMatcherManager.reload (D:\blog-app\node_modules\next\dist\server\future\route-matcher-managers\default-route-matcher-manager.js:112:55)
    at async DevRouteMatcherManager.reload (D:\blog-app\node_modules\next\dist\server\future\route-matcher-managers\dev-route-matcher-manager.js:112:9)
    at async Object.propagateServerField (D:\blog-app\node_modules\next\dist\server\lib\render-server.js:75:13)
    at async propagateServerField (D:\blog-app\node_modules\next\dist\server\lib\router-utils\setup-dev-bundler.js:134:5)
    at async Watchpack.<anonymous> (D:\blog-app\node_modules\next\dist\server\lib\router-utils\setup-dev-bundler.js:627:17)
 ⚠ Failed to reload dynamic routes: Error: You cannot use different slug names for the same dynamic path ('slug' !== 'category').
    at handleSlug (D:\blog-app\node_modules\next\dist\shared\lib\router\utils\sorted-routes.js:94:31)
    at UrlNode._insert (D:\blog-app\node_modules\next\dist\shared\lib\router\utils\sorted-routes.js:131:17)
    at UrlNode._insert (D:\blog-app\node_modules\next\dist\shared\lib\router\utils\sorted-routes.js:142:40)
    at UrlNode.insert (D:\blog-app\node_modules\next\dist\shared\lib\router\utils\sorted-routes.js:13:14)
    at D:\blog-app\node_modules\next\dist\shared\lib\router\utils\sorted-routes.js:165:46
    at Array.forEach (<anonymous>)
    at getSortedRoutes (D:\blog-app\node_modules\next\dist\shared\lib\router\utils\sorted-routes.js:165:21)
    at Watchpack.<anonymous> (D:\blog-app\node_modules\next\dist\server\lib\router-utils\setup-dev-bundler.js:558:65)
 ⚠ Failed to reload dynamic routes: Error: You cannot use different slug names for the same dynamic path ('slug' !== 'category').
    at handleSlug (D:\blog-app\node_modules\next\dist\shared\lib\router\utils\sorted-routes.js:94:31)
    at UrlNode._insert (D:\blog-app\node_modules\next\dist\shared\lib\router\utils\sorted-routes.js:131:17)
    at UrlNode._insert (D:\blog-app\node_modules\next\dist\shared\lib\router\utils\sorted-routes.js:142:40)
    at UrlNode.insert (D:\blog-app\node_modules\next\dist\shared\lib\router\utils\sorted-routes.js:13:14)
    at D:\blog-app\node_modules\next\dist\shared\lib\router\utils\sorted-routes.js:165:46
    at Array.forEach (<anonymous>)
    at getSortedRoutes (D:\blog-app\node_modules\next\dist\shared\lib\router\utils\sorted-routes.js:165:21)
    at Watchpack.<anonymous> (D:\blog-app\node_modules\next\dist\server\lib\router-utils\setup-dev-bundler.js:558:65)
^C